[framework] 2018-04-25 16:42:43,262 - Main.MyFileListener -0    [Thread-0] INFO  Main.MyFileListener  - 删除文件:E:\code\Java\DirectoryControl\s_test0\meo\358F10F062E9912645B77CDD9978502F.png
[framework] 2018-04-25 16:42:43,264 - Main.MyFileListener -2    [Thread-0] INFO  Main.MyFileListener  - 删除文件:E:\code\Java\DirectoryControl\s_test0\meo\mzl集团详细设计书.docx
[framework] 2018-04-25 16:42:43,264 - Main.MyFileListener -2    [Thread-0] INFO  Main.MyFileListener  - 删除文件:E:\code\Java\DirectoryControl\s_test0\meo\全国大学生信息安全比赛人员名单.xlsx
[framework] 2018-04-25 16:42:43,264 - Main.MyFileListener -2    [Thread-0] INFO  Main.MyFileListener  - 删除文件:E:\code\Java\DirectoryControl\s_test0\meo\创新青年奖.txt
[framework] 2018-04-25 16:42:43,264 - Main.MyFileListener -2    [Thread-0] INFO  Main.MyFileListener  - 删除文件:E:\code\Java\DirectoryControl\s_test0\meo\创新青年申请表.docx
[framework] 2018-04-25 16:42:43,264 - Main.MyFileListener -2    [Thread-0] INFO  Main.MyFileListener  - 删除文件:E:\code\Java\DirectoryControl\s_test0\meo\扫雷项目概要设计150220018.doc
[framework] 2018-04-25 16:42:43,264 - Main.MyFileListener -2    [Thread-0] INFO  Main.MyFileListener  - 删除文件:E:\code\Java\DirectoryControl\s_test0\meo\网络安全比赛请假名单.xlsx
[framework] 2018-04-25 16:42:43,265 - Main.MyFileListener -3    [Thread-0] INFO  Main.MyFileListener  - 删除目录:E:\code\Java\DirectoryControl\s_test0\meo
[framework] 2018-04-25 16:42:43,290 - Main.MyFileListener -28   [Thread-0] INFO  Main.MyFileListener  - 新建目录:E:\code\Java\DirectoryControl\s_test0\meo1111
[framework] 2018-04-25 16:42:43,290 - Main.MyFileListener -28   [Thread-0] INFO  Main.MyFileListener  - 新建文件:E:\code\Java\DirectoryControl\s_test0\meo1111\358F10F062E9912645B77CDD9978502F.png
[framework] 2018-04-25 16:42:43,291 - Main.MyFileListener -29   [Thread-0] INFO  Main.MyFileListener  - 新建文件:E:\code\Java\DirectoryControl\s_test0\meo1111\mzl集团详细设计书.docx
[framework] 2018-04-25 16:42:43,291 - Main.MyFileListener -29   [Thread-0] INFO  Main.MyFileListener  - 新建文件:E:\code\Java\DirectoryControl\s_test0\meo1111\全国大学生信息安全比赛人员名单.xlsx
[framework] 2018-04-25 16:42:43,292 - Main.MyFileListener -30   [Thread-0] INFO  Main.MyFileListener  - 新建文件:E:\code\Java\DirectoryControl\s_test0\meo1111\创新青年奖.txt
[framework] 2018-04-25 16:42:43,292 - Main.MyFileListener -30   [Thread-0] INFO  Main.MyFileListener  - 新建文件:E:\code\Java\DirectoryControl\s_test0\meo1111\创新青年申请表.docx
[framework] 2018-04-25 16:42:43,293 - Main.MyFileListener -31   [Thread-0] INFO  Main.MyFileListener  - 新建文件:E:\code\Java\DirectoryControl\s_test0\meo1111\扫雷项目概要设计150220018.doc
[framework] 2018-04-25 16:42:43,293 - Main.MyFileListener -31   [Thread-0] INFO  Main.MyFileListener  - 新建文件:E:\code\Java\DirectoryControl\s_test0\meo1111\网络安全比赛请假名单.xlsx
[framework] 2018-04-25 16:42:44,294 - Main.MyFileListener -1032 [Thread-0] INFO  Main.MyFileListener  - 新建目录:E:\code\Java\DirectoryControl\s_test0\meo
[framework] 2018-04-25 16:42:44,295 - Main.MyFileListener -1033 [Thread-0] INFO  Main.MyFileListener  - 新建文件:E:\code\Java\DirectoryControl\s_test0\meo\358F10F062E9912645B77CDD9978502F.png
[framework] 2018-04-25 16:42:44,296 - Main.MyFileListener -1034 [Thread-0] INFO  Main.MyFileListener  - 新建文件:E:\code\Java\DirectoryControl\s_test0\meo\mzl集团详细设计书.docx
[framework] 2018-04-25 16:42:44,296 - Main.MyFileListener -1034 [Thread-0] INFO  Main.MyFileListener  - 新建文件:E:\code\Java\DirectoryControl\s_test0\meo\全国大学生信息安全比赛人员名单.xlsx
[framework] 2018-04-25 16:42:44,296 - Main.MyFileListener -1034 [Thread-0] INFO  Main.MyFileListener  - 新建文件:E:\code\Java\DirectoryControl\s_test0\meo\创新青年奖.txt
[framework] 2018-04-25 16:42:44,297 - Main.MyFileListener -1035 [Thread-0] INFO  Main.MyFileListener  - 新建文件:E:\code\Java\DirectoryControl\s_test0\meo\创新青年申请表.docx
[framework] 2018-04-25 16:42:44,297 - Main.MyFileListener -1035 [Thread-0] INFO  Main.MyFileListener  - 新建文件:E:\code\Java\DirectoryControl\s_test0\meo\扫雷项目概要设计150220018.doc
[framework] 2018-04-25 16:42:44,298 - Main.MyFileListener -1036 [Thread-0] INFO  Main.MyFileListener  - 新建文件:E:\code\Java\DirectoryControl\s_test0\meo\网络安全比赛请假名单.xlsx
[framework] 2018-04-25 16:42:44,299 - Main.MyFileListener -1037 [Thread-0] INFO  Main.MyFileListener  - 文件夹改变:E:\code\Java\DirectoryControl\s_test0\meo1111
[framework] 2018-04-25 16:42:44,299 - Main.MyFileListener -1037 [Thread-0] INFO  Main.MyFileListener  - 删除文件:E:\code\Java\DirectoryControl\s_test0\meo1111\358F10F062E9912645B77CDD9978502F.png
[framework] 2018-04-25 16:42:44,300 - Main.MyFileListener -1038 [Thread-0] INFO  Main.MyFileListener  - 删除文件:E:\code\Java\DirectoryControl\s_test0\meo1111\mzl集团详细设计书.docx
[framework] 2018-04-25 16:42:44,300 - Main.MyFileListener -1038 [Thread-0] INFO  Main.MyFileListener  - 删除文件:E:\code\Java\DirectoryControl\s_test0\meo1111\全国大学生信息安全比赛人员名单.xlsx
[framework] 2018-04-25 16:42:44,300 - Main.MyFileListener -1038 [Thread-0] INFO  Main.MyFileListener  - 删除文件:E:\code\Java\DirectoryControl\s_test0\meo1111\创新青年奖.txt
[framework] 2018-04-25 16:42:44,300 - Main.MyFileListener -1038 [Thread-0] INFO  Main.MyFileListener  - 删除文件:E:\code\Java\DirectoryControl\s_test0\meo1111\创新青年申请表.docx
[framework] 2018-04-25 16:42:44,301 - Main.MyFileListener -1039 [Thread-0] INFO  Main.MyFileListener  - 删除文件:E:\code\Java\DirectoryControl\s_test0\meo1111\扫雷项目概要设计150220018.doc
[framework] 2018-04-25 16:42:44,301 - Main.MyFileListener -1039 [Thread-0] INFO  Main.MyFileListener  - 删除文件:E:\code\Java\DirectoryControl\s_test0\meo1111\网络安全比赛请假名单.xlsx
[framework] 2018-04-25 16:42:45,303 - Main.MyFileListener -2041 [Thread-0] INFO  Main.MyFileListener  - 文件夹改变:E:\code\Java\DirectoryControl\s_test0\meo
[framework] 2018-04-25 16:42:45,303 - Main.MyFileListener -2041 [Thread-0] INFO  Main.MyFileListener  - 删除文件:E:\code\Java\DirectoryControl\s_test0\meo\358F10F062E9912645B77CDD9978502F.png
[framework] 2018-04-25 16:42:45,304 - Main.MyFileListener -2042 [Thread-0] INFO  Main.MyFileListener  - 删除文件:E:\code\Java\DirectoryControl\s_test0\meo\mzl集团详细设计书.docx
[framework] 2018-04-25 16:42:45,304 - Main.MyFileListener -2042 [Thread-0] INFO  Main.MyFileListener  - 删除文件:E:\code\Java\DirectoryControl\s_test0\meo\全国大学生信息安全比赛人员名单.xlsx
[framework] 2018-04-25 16:42:45,304 - Main.MyFileListener -2042 [Thread-0] INFO  Main.MyFileListener  - 删除文件:E:\code\Java\DirectoryControl\s_test0\meo\创新青年奖.txt
[framework] 2018-04-25 16:42:45,304 - Main.MyFileListener -2042 [Thread-0] INFO  Main.MyFileListener  - 删除文件:E:\code\Java\DirectoryControl\s_test0\meo\创新青年申请表.docx
[framework] 2018-04-25 16:42:45,305 - Main.MyFileListener -2043 [Thread-0] INFO  Main.MyFileListener  - 删除文件:E:\code\Java\DirectoryControl\s_test0\meo\扫雷项目概要设计150220018.doc
[framework] 2018-04-25 16:42:45,305 - Main.MyFileListener -2043 [Thread-0] INFO  Main.MyFileListener  - 删除文件:E:\code\Java\DirectoryControl\s_test0\meo\网络安全比赛请假名单.xlsx
[framework] 2018-04-25 16:42:56,314 - Main.MyFileListener -13052 [Thread-0] INFO  Main.MyFileListener  - 新建文件:E:\code\Java\DirectoryControl\s_test0\新建文本文档.txt
[framework] 2018-04-25 16:42:57,315 - Main.MyFileListener -14053 [Thread-0] INFO  Main.MyFileListener  - 删除文件:E:\code\Java\DirectoryControl\s_test0\新建文本文档.txt
[framework] 2018-04-25 16:43:04,323 - Main.MyFileListener -21061 [Thread-0] INFO  Main.MyFileListener  - 新建文件:E:\code\Java\DirectoryControl\s_test0\11111.docx
[framework] 2018-04-25 16:43:04,325 - Main.MyFileListener -21063 [Thread-0] INFO  Main.MyFileListener  - 删除文件:E:\code\Java\DirectoryControl\s_test0\mzl集团概要设计书.docx
[framework] 2018-04-25 16:43:05,326 - Main.MyFileListener -22064 [Thread-0] INFO  Main.MyFileListener  - 删除文件:E:\code\Java\DirectoryControl\s_test0\11111.docx
[framework] 2018-04-25 16:43:19,336 - Main.MyFileListener -36074 [Thread-0] INFO  Main.MyFileListener  - 新建目录:E:\code\Java\DirectoryControl\s_test0\m0101
[framework] 2018-04-25 16:43:19,337 - Main.MyFileListener -36075 [Thread-0] INFO  Main.MyFileListener  - 删除目录:E:\code\Java\DirectoryControl\s_test0\meo1111
[framework] 2018-04-25 16:43:20,337 - Main.MyFileListener -37075 [Thread-0] INFO  Main.MyFileListener  - 删除目录:E:\code\Java\DirectoryControl\s_test0\m0101
